<?xml version="1.0" encoding="UTF-8"?>
<!-- Generated by org.testng.reporters.JUnitXMLReporter -->
<testsuite hostname="DESKTOP-PNFG6ND" ignored="6" name="Default test" tests="1" failures="0" timestamp="2020-04-14T17:00:33 IST" time="4.297" errors="0">
  <testcase name="pathParameterNormal" time="3.263" classname="com.tests.TC002_SchemaValidation_Deepali"/>
  <testcase name="getResponseInPOJO" time="0.0" classname="com.tests.TC002_SchemaValidation_Deepali">
    <ignored/>
  </testcase> <!-- getResponseInPOJO -->
  <testcase name="testJsonSchemaBdd" time="0.0" classname="com.tests.TC002_SchemaValidation_Deepali">
    <ignored/>
  </testcase> <!-- testJsonSchemaBdd -->
  <testcase name="pathParameterBDD" time="0.0" classname="com.tests.TC002_SchemaValidation_Deepali">
    <ignored/>
  </testcase> <!-- pathParameterBDD -->
  <testcase name="testJsonSchemaNormal" time="0.0" classname="com.tests.TC002_SchemaValidation_Deepali">
    <ignored/>
  </testcase> <!-- testJsonSchemaNormal -->
  <testcase name="queryParameterNormal" time="0.0" classname="com.tests.TC002_SchemaValidation_Deepali">
    <ignored/>
  </testcase> <!-- queryParameterNormal -->
  <testcase name="queryParameterBDD" time="0.0" classname="com.tests.TC002_SchemaValidation_Deepali">
    <ignored/>
  </testcase> <!-- queryParameterBDD -->
</testsuite> <!-- Default test -->
