<?xml version="1.0" encoding="UTF-8"?>
<testng-results skipped="0" failed="0" ignored="6" total="7" passed="1">
  <reporter-output>
    <line>
      <![CDATA[Test Case Started]]>
    </line>
    <line>
      <![CDATA[Loading Properties File]]>
    </line>
    <line>
      <![CDATA[Properties File Loaded]]>
    </line>
    <line>
      <![CDATA[Base URL :https://reqres.in/api/]]>
    </line>
    <line>
      <![CDATA[HTTP request created]]>
    </line>
    <line>
      <![CDATA[Test Case Ended]]>
    </line>
  </reporter-output>
  <suite name="Default suite" duration-ms="4297" started-at="2020-04-14T17:00:29 IST" finished-at="2020-04-14T17:00:33 IST">
    <groups>
    </groups>
    <test name="Default test" duration-ms="4297" started-at="2020-04-14T17:00:29 IST" finished-at="2020-04-14T17:00:33 IST">
      <class name="com.tests.TC002_SchemaValidation_Deepali">
        <test-method status="PASS" signature="setUp(java.lang.reflect.Method)[pri:0, instance:com.tests.TC002_SchemaValidation_Deepali@61230f6a]" name="setUp" is-config="true" duration-ms="604" started-at="2020-04-14T17:00:29 IST" finished-at="2020-04-14T17:00:30 IST">
          <params>
            <param index="0">
              <value>
                <![CDATA[public void com.tests.TC002_SchemaValidation_Deepali.pathParameterNormal()]]>
              </value>
            </param>
          </params>
          <reporter-output>
            <line>
              <![CDATA[Test Case Started]]>
            </line>
            <line>
              <![CDATA[Loading Properties File]]>
            </line>
            <line>
              <![CDATA[Properties File Loaded]]>
            </line>
            <line>
              <![CDATA[Base URL :https://reqres.in/api/]]>
            </line>
            <line>
              <![CDATA[HTTP request created]]>
            </line>
          </reporter-output>
        </test-method> <!-- setUp -->
        <test-method status="PASS" signature="pathParameterNormal()[pri:0, instance:com.tests.TC002_SchemaValidation_Deepali@61230f6a]" name="pathParameterNormal" duration-ms="3263" started-at="2020-04-14T17:00:30 IST" finished-at="2020-04-14T17:00:33 IST">
          <reporter-output>
          </reporter-output>
        </test-method> <!-- pathParameterNormal -->
        <test-method status="PASS" signature="tearDown(org.testng.ITestResult)[pri:0, instance:com.tests.TC002_SchemaValidation_Deepali@61230f6a]" name="tearDown" is-config="true" duration-ms="385" started-at="2020-04-14T17:00:33 IST" finished-at="2020-04-14T17:00:33 IST">
          <params>
            <param index="0">
              <value>
                <![CDATA[[TestResult name=pathParameterNormal status=SUCCESS method=TC002_SchemaValidation_Deepali.pathParameterNormal()[pri:0, instance:com.tests.TC002_SchemaValidation_Deepali@61230f6a] output={null}]]]>
              </value>
            </param>
          </params>
          <reporter-output>
            <line>
              <![CDATA[Test Case Ended]]>
            </line>
          </reporter-output>
        </test-method> <!-- tearDown -->
      </class> <!-- com.tests.TC002_SchemaValidation_Deepali -->
    </test> <!-- Default test -->
  </suite> <!-- Default suite -->
</testng-results>
